MSP430 Assembler PC v4.1.9 Sun Mar 23 16:08:26 2014

Tools Copyright (c) 2003-2014 Texas Instruments Incorporated
C:\Users\Lucas\AppData\Local\Temp\0761610                            PAGE    1

       1            ;******************************************************************************
       2            ;* MSP430 C/C++ Codegen                                             PC v4.1.9 *
       3            ;* Date/Time created: Sun Mar 23 16:08:25 2014                                *
       4            ;******************************************************************************
       5                    .compiler_opts --abi=coffabi --hll_source=on --mem_model:code=large --mem_model:data=small --o
       6            
       7            $C$DW$CU        .dwtag  DW_TAG_compile_unit
       8                    .dwattr $C$DW$CU, DW_AT_name("E:/Dropbox/git/CHARM/Embedded_Voltmeter/Basic WiFi Source/Source
       9                    .dwattr $C$DW$CU, DW_AT_producer("MSP430 C/C++ Codegen PC v4.1.9 Copyright (c) 2003-2014 Texas
      10                    .dwattr $C$DW$CU, DW_AT_TI_version(0x01)
      11                    .dwattr $C$DW$CU, DW_AT_comp_dir("E:\Dropbox\git\CHARM\Embedded_Voltmeter\Basic WiFi Source\Ba
      12            ;       E:\ti\ccsv5\tools\compiler\msp430_4.1.9\bin\opt430.exe C:\\Users\\Lucas\\AppData\\Local\\Temp\
      13 000000               .sect   ".text:__error__"
      14                    .align  2
      15                    .clink
      16                    .global __error__
      17            
      18            $C$DW$1 .dwtag  DW_TAG_subprogram, DW_AT_name("__error__")
      19                    .dwattr $C$DW$1, DW_AT_low_pc(__error__)
      20                    .dwattr $C$DW$1, DW_AT_high_pc(0x00)
      21                    .dwattr $C$DW$1, DW_AT_TI_symbol_name("__error__")
      22                    .dwattr $C$DW$1, DW_AT_external
      23                    .dwattr $C$DW$1, DW_AT_TI_begin_file("E:/Dropbox/git/CHARM/Embedded_Voltmeter/Basic WiFi Sourc
      24                    .dwattr $C$DW$1, DW_AT_TI_begin_line(0x3f)
      25                    .dwattr $C$DW$1, DW_AT_TI_begin_column(0x06)
      26                    .dwattr $C$DW$1, DW_AT_TI_max_frame_size(0x04)
      27                    .dwpsn  file "E:/Dropbox/git/CHARM/Embedded_Voltmeter/Basic WiFi Source/Source/CC3000HostDrive
      28            
      29                    .dwfde $C$DW$CIE, __error__
      30            $C$DW$2 .dwtag  DW_TAG_formal_parameter, DW_AT_name("pcFilename")
      31                    .dwattr $C$DW$2, DW_AT_TI_symbol_name("pcFilename")
      32                    .dwattr $C$DW$2, DW_AT_type(*$C$DW$T$21)
      33                    .dwattr $C$DW$2, DW_AT_location[DW_OP_reg12]
      34            $C$DW$3 .dwtag  DW_TAG_formal_parameter, DW_AT_name("ulLine")
      35                    .dwattr $C$DW$3, DW_AT_TI_symbol_name("ulLine")
      36                    .dwattr $C$DW$3, DW_AT_type(*$C$DW$T$22)
      37                    .dwattr $C$DW$3, DW_AT_location[DW_OP_reg13 DW_OP_piece 2 DW_OP_reg14 DW_OP_piece 2]
      38            
      39            ;*****************************************************************************
      40            ;* FUNCTION NAME: __error__                                                  *
      41            ;*                                                                           *
      42            ;*   Regs Modified     : SP                                                  *
      43            ;*   Regs Used         : SP                                                  *
      44            ;*   Local Frame Size  : 0 Args + 0 Auto + 0 Save = 0 byte                   *
      45            ;*****************************************************************************
      46            
      47            ;******************************************************************************
      48            ;*                                                                            *
      49            ;* Using -g (debug) with optimization (-o4) may disable key optimizations!    *
      50            ;*                                                                            *
      51            ;******************************************************************************
      52 000000       __error__:
      53            ;* --------------------------------------------------------------------------*
      54                    .dwcfi  cfa_offset, 4
      55                    .dwcfi  save_reg_to_mem, 16, -4
MSP430 Assembler PC v4.1.9 Sun Mar 23 16:08:26 2014

Tools Copyright (c) 2003-2014 Texas Instruments Incorporated
C:\Users\Lucas\AppData\Local\Temp\0761610                            PAGE    2

      56                    .dwpsn  file "E:/Dropbox/git/CHARM/Embedded_Voltmeter/Basic WiFi Source/Source/CC3000HostDrive
      57            $C$DW$4 .dwtag  DW_TAG_TI_branch
      58                    .dwattr $C$DW$4, DW_AT_low_pc(0x00)
      59                    .dwattr $C$DW$4, DW_AT_TI_return
      60 000000 0110          RETA      ; [] 
      61                    ; [] 
      62                    .dwattr $C$DW$1, DW_AT_TI_end_file("E:/Dropbox/git/CHARM/Embedded_Voltmeter/Basic WiFi Source/
      63                    .dwattr $C$DW$1, DW_AT_TI_end_line(0x42)
      64                    .dwattr $C$DW$1, DW_AT_TI_end_column(0x01)
      65                    .dwendentry
      66                    .dwendtag $C$DW$1
      67            
      68 000000               .sect   ".text:UINT32_TO_STREAM_f"
      69                    .align  2
      70                    .clink
      71                    .global UINT32_TO_STREAM_f
      72            
      73            $C$DW$5 .dwtag  DW_TAG_subprogram, DW_AT_name("UINT32_TO_STREAM_f")
      74                    .dwattr $C$DW$5, DW_AT_low_pc(UINT32_TO_STREAM_f)
      75                    .dwattr $C$DW$5, DW_AT_high_pc(0x00)
      76                    .dwattr $C$DW$5, DW_AT_TI_symbol_name("UINT32_TO_STREAM_f")
      77                    .dwattr $C$DW$5, DW_AT_external
      78                    .dwattr $C$DW$5, DW_AT_type(*$C$DW$T$25)
      79                    .dwattr $C$DW$5, DW_AT_TI_begin_file("E:/Dropbox/git/CHARM/Embedded_Voltmeter/Basic WiFi Sourc
      80                    .dwattr $C$DW$5, DW_AT_TI_begin_line(0x54)
      81                    .dwattr $C$DW$5, DW_AT_TI_begin_column(0x08)
      82                    .dwattr $C$DW$5, DW_AT_TI_max_frame_size(0x04)
      83                    .dwpsn  file "E:/Dropbox/git/CHARM/Embedded_Voltmeter/Basic WiFi Source/Source/CC3000HostDrive
      84            
      85                    .dwfde $C$DW$CIE, UINT32_TO_STREAM_f
      86            $C$DW$6 .dwtag  DW_TAG_formal_parameter, DW_AT_name("p")
      87                    .dwattr $C$DW$6, DW_AT_TI_symbol_name("p")
      88                    .dwattr $C$DW$6, DW_AT_type(*$C$DW$T$25)
      89                    .dwattr $C$DW$6, DW_AT_location[DW_OP_reg12]
      90            $C$DW$7 .dwtag  DW_TAG_formal_parameter, DW_AT_name("u32")
      91                    .dwattr $C$DW$7, DW_AT_TI_symbol_name("u32")
      92                    .dwattr $C$DW$7, DW_AT_type(*$C$DW$T$22)
      93                    .dwattr $C$DW$7, DW_AT_location[DW_OP_reg13 DW_OP_piece 2 DW_OP_reg14 DW_OP_piece 2]
      94            
      95            ;*****************************************************************************
      96            ;* FUNCTION NAME: UINT32_TO_STREAM_f                                         *
      97            ;*                                                                           *
      98            ;*   Regs Modified     : SP,SR,r12,r13,r14,r15                               *
      99            ;*   Regs Used         : SP,SR,r12,r13,r14,r15                               *
     100            ;*   Local Frame Size  : 0 Args + 0 Auto + 0 Save = 0 byte                   *
     101            ;*****************************************************************************
     102            
     103            ;******************************************************************************
     104            ;*                                                                            *
     105            ;* Using -g (debug) with optimization (-o4) may disable key optimizations!    *
     106            ;*                                                                            *
     107            ;******************************************************************************
     108 000000       UINT32_TO_STREAM_f:
     109            ;* --------------------------------------------------------------------------*
     110                    .dwcfi  cfa_offset, 4
MSP430 Assembler PC v4.1.9 Sun Mar 23 16:08:26 2014

Tools Copyright (c) 2003-2014 Texas Instruments Incorporated
C:\Users\Lucas\AppData\Local\Temp\0761610                            PAGE    3

     111                    .dwcfi  save_reg_to_mem, 16, -4
     112            ;* r15   assigned to p
     113            $C$DW$8 .dwtag  DW_TAG_variable, DW_AT_name("p")
     114                    .dwattr $C$DW$8, DW_AT_TI_symbol_name("p")
     115                    .dwattr $C$DW$8, DW_AT_type(*$C$DW$T$25)
     116                    .dwattr $C$DW$8, DW_AT_location[DW_OP_reg15]
     117            ;* r13   assigned to u32
     118            $C$DW$9 .dwtag  DW_TAG_variable, DW_AT_name("u32")
     119                    .dwattr $C$DW$9, DW_AT_TI_symbol_name("u32")
     120                    .dwattr $C$DW$9, DW_AT_type(*$C$DW$T$37)
     121                    .dwattr $C$DW$9, DW_AT_location[DW_OP_reg13 DW_OP_piece 2 DW_OP_reg14 DW_OP_piece 2]
     122 000000 0CCF          MOVA      r12,r15               ; [] |85| 
     123                    .dwpsn  file "E:/Dropbox/git/CHARM/Embedded_Voltmeter/Basic WiFi Source/Source/CC3000HostDrive
     124 000002 531F          ADD.W     #1,r15                ; [] |86| 
     125 000004 4DCF          MOV.B     r13,-1(r15)           ; [] |86| 
         000006 FFFF 
     126                    .dwpsn  file "E:/Dropbox/git/CHARM/Embedded_Voltmeter/Basic WiFi Source/Source/CC3000HostDrive
     127 000008 0DCC          MOVA      r13,r12               ; [] |87| 
     128 00000a 0ECD          MOVA      r14,r13               ; [] |87| 
     129            $C$DW$10        .dwtag  DW_TAG_TI_branch
     130                    .dwattr $C$DW$10, DW_AT_low_pc(0x00)
     131                    .dwattr $C$DW$10, DW_AT_name("L_LSR_8")
     132                    .dwattr $C$DW$10, DW_AT_TI_call
     133 00000c 13B0!         CALLA     #L_LSR_8              ; [] |87| 
         00000e 0000 
     134                                                      ; [] |87| 
     135 000010 531F          ADD.W     #1,r15                ; [] |87| 
     136 000012 4CCF          MOV.B     r12,-1(r15)           ; [] |87| 
         000014 FFFF 
     137                    .dwpsn  file "E:/Dropbox/git/CHARM/Embedded_Voltmeter/Basic WiFi Source/Source/CC3000HostDrive
     138 000016 531F          ADD.W     #1,r15                ; [] |88| 
     139 000018 4ECF          MOV.B     r14,-1(r15)           ; [] |88| 
         00001a FFFF 
     140                    .dwpsn  file "E:/Dropbox/git/CHARM/Embedded_Voltmeter/Basic WiFi Source/Source/CC3000HostDrive
     141 00001c 108E          SWPB      r14                   ; [] |89| 
     142 00001e 531F          ADD.W     #1,r15                ; [] |89| 
     143 000020 4ECF          MOV.B     r14,-1(r15)           ; [] |89| 
         000022 FFFF 
     144                    .dwpsn  file "E:/Dropbox/git/CHARM/Embedded_Voltmeter/Basic WiFi Source/Source/CC3000HostDrive
     145 000024 0FCC          MOVA      r15,r12               ; [] |90| 
     146                    .dwpsn  file "E:/Dropbox/git/CHARM/Embedded_Voltmeter/Basic WiFi Source/Source/CC3000HostDrive
     147            $C$DW$11        .dwtag  DW_TAG_TI_branch
     148                    .dwattr $C$DW$11, DW_AT_low_pc(0x00)
     149                    .dwattr $C$DW$11, DW_AT_TI_return
     150 000026 0110          RETA      ; [] 
     151                    ; [] 
     152                    .dwattr $C$DW$5, DW_AT_TI_end_file("E:/Dropbox/git/CHARM/Embedded_Voltmeter/Basic WiFi Source/
     153                    .dwattr $C$DW$5, DW_AT_TI_end_line(0x5b)
     154                    .dwattr $C$DW$5, DW_AT_TI_end_column(0x01)
     155                    .dwendentry
     156                    .dwendtag $C$DW$5
     157            
     158 000000               .sect   ".text:UINT16_TO_STREAM_f"
     159                    .align  2
     160                    .clink
MSP430 Assembler PC v4.1.9 Sun Mar 23 16:08:26 2014

Tools Copyright (c) 2003-2014 Texas Instruments Incorporated
C:\Users\Lucas\AppData\Local\Temp\0761610                            PAGE    4

     161                    .global UINT16_TO_STREAM_f
     162            
     163            $C$DW$12        .dwtag  DW_TAG_subprogram, DW_AT_name("UINT16_TO_STREAM_f")
     164                    .dwattr $C$DW$12, DW_AT_low_pc(UINT16_TO_STREAM_f)
     165                    .dwattr $C$DW$12, DW_AT_high_pc(0x00)
     166                    .dwattr $C$DW$12, DW_AT_TI_symbol_name("UINT16_TO_STREAM_f")
     167                    .dwattr $C$DW$12, DW_AT_external
     168                    .dwattr $C$DW$12, DW_AT_type(*$C$DW$T$25)
     169                    .dwattr $C$DW$12, DW_AT_TI_begin_file("E:/Dropbox/git/CHARM/Embedded_Voltmeter/Basic WiFi Sour
     170                    .dwattr $C$DW$12, DW_AT_TI_begin_line(0x6b)
     171                    .dwattr $C$DW$12, DW_AT_TI_begin_column(0x08)
     172                    .dwattr $C$DW$12, DW_AT_TI_max_frame_size(0x04)
     173                    .dwpsn  file "E:/Dropbox/git/CHARM/Embedded_Voltmeter/Basic WiFi Source/Source/CC3000HostDrive
     174            
     175                    .dwfde $C$DW$CIE, UINT16_TO_STREAM_f
     176            $C$DW$13        .dwtag  DW_TAG_formal_parameter, DW_AT_name("p")
     177                    .dwattr $C$DW$13, DW_AT_TI_symbol_name("p")
     178                    .dwattr $C$DW$13, DW_AT_type(*$C$DW$T$25)
     179                    .dwattr $C$DW$13, DW_AT_location[DW_OP_reg12]
     180            $C$DW$14        .dwtag  DW_TAG_formal_parameter, DW_AT_name("u16")
     181                    .dwattr $C$DW$14, DW_AT_TI_symbol_name("u16")
     182                    .dwattr $C$DW$14, DW_AT_type(*$C$DW$T$27)
     183                    .dwattr $C$DW$14, DW_AT_location[DW_OP_reg13]
     184            
     185            ;*****************************************************************************
     186            ;* FUNCTION NAME: UINT16_TO_STREAM_f                                         *
     187            ;*                                                                           *
     188            ;*   Regs Modified     : SP,SR,r12,r13                                       *
     189            ;*   Regs Used         : SP,SR,r12,r13                                       *
     190            ;*   Local Frame Size  : 0 Args + 0 Auto + 0 Save = 0 byte                   *
     191            ;*****************************************************************************
     192            
     193            ;******************************************************************************
     194            ;*                                                                            *
     195            ;* Using -g (debug) with optimization (-o4) may disable key optimizations!    *
     196            ;*                                                                            *
     197            ;******************************************************************************
     198 000000       UINT16_TO_STREAM_f:
     199            ;* --------------------------------------------------------------------------*
     200                    .dwcfi  cfa_offset, 4
     201                    .dwcfi  save_reg_to_mem, 16, -4
     202            ;* r12   assigned to p
     203            $C$DW$15        .dwtag  DW_TAG_variable, DW_AT_name("p")
     204                    .dwattr $C$DW$15, DW_AT_TI_symbol_name("p")
     205                    .dwattr $C$DW$15, DW_AT_type(*$C$DW$T$25)
     206                    .dwattr $C$DW$15, DW_AT_location[DW_OP_reg12]
     207            ;* r13   assigned to u16
     208            $C$DW$16        .dwtag  DW_TAG_variable, DW_AT_name("u16")
     209                    .dwattr $C$DW$16, DW_AT_TI_symbol_name("u16")
     210                    .dwattr $C$DW$16, DW_AT_type(*$C$DW$T$33)
     211                    .dwattr $C$DW$16, DW_AT_location[DW_OP_reg13]
     212                    .dwpsn  file "E:/Dropbox/git/CHARM/Embedded_Voltmeter/Basic WiFi Source/Source/CC3000HostDrive
     213 000000 531C          ADD.W     #1,r12                ; [] |109| 
     214 000002 4DCC          MOV.B     r13,-1(r12)           ; [] |109| 
         000004 FFFF 
MSP430 Assembler PC v4.1.9 Sun Mar 23 16:08:26 2014

Tools Copyright (c) 2003-2014 Texas Instruments Incorporated
C:\Users\Lucas\AppData\Local\Temp\0761610                            PAGE    5

     215                    .dwpsn  file "E:/Dropbox/git/CHARM/Embedded_Voltmeter/Basic WiFi Source/Source/CC3000HostDrive
     216 000006 531C          ADD.W     #1,r12                ; [] |110| 
     217 000008 108D          SWPB      r13                   ; [] |110| 
     218 00000a 4DCC          MOV.B     r13,-1(r12)           ; [] |110| 
         00000c FFFF 
     219                    .dwpsn  file "E:/Dropbox/git/CHARM/Embedded_Voltmeter/Basic WiFi Source/Source/CC3000HostDrive
     220                    .dwpsn  file "E:/Dropbox/git/CHARM/Embedded_Voltmeter/Basic WiFi Source/Source/CC3000HostDrive
     221            $C$DW$17        .dwtag  DW_TAG_TI_branch
     222                    .dwattr $C$DW$17, DW_AT_low_pc(0x00)
     223                    .dwattr $C$DW$17, DW_AT_TI_return
     224 00000e 0110          RETA      ; [] 
     225                    ; [] 
     226                    .dwattr $C$DW$12, DW_AT_TI_end_file("E:/Dropbox/git/CHARM/Embedded_Voltmeter/Basic WiFi Source
     227                    .dwattr $C$DW$12, DW_AT_TI_end_line(0x70)
     228                    .dwattr $C$DW$12, DW_AT_TI_end_column(0x01)
     229                    .dwendentry
     230                    .dwendtag $C$DW$12
     231            
     232 000000               .sect   ".text:STREAM_TO_UINT32_f"
     233                    .align  2
     234                    .clink
     235                    .global STREAM_TO_UINT32_f
     236            
     237            $C$DW$18        .dwtag  DW_TAG_subprogram, DW_AT_name("STREAM_TO_UINT32_f")
     238                    .dwattr $C$DW$18, DW_AT_low_pc(STREAM_TO_UINT32_f)
     239                    .dwattr $C$DW$18, DW_AT_high_pc(0x00)
     240                    .dwattr $C$DW$18, DW_AT_TI_symbol_name("STREAM_TO_UINT32_f")
     241                    .dwattr $C$DW$18, DW_AT_external
     242                    .dwattr $C$DW$18, DW_AT_type(*$C$DW$T$22)
     243                    .dwattr $C$DW$18, DW_AT_TI_begin_file("E:/Dropbox/git/CHARM/Embedded_Voltmeter/Basic WiFi Sour
     244                    .dwattr $C$DW$18, DW_AT_TI_begin_line(0x94)
     245                    .dwattr $C$DW$18, DW_AT_TI_begin_column(0x08)
     246                    .dwattr $C$DW$18, DW_AT_TI_max_frame_size(0x04)
     247                    .dwpsn  file "E:/Dropbox/git/CHARM/Embedded_Voltmeter/Basic WiFi Source/Source/CC3000HostDrive
     248            
     249                    .dwfde $C$DW$CIE, STREAM_TO_UINT32_f
     250            $C$DW$19        .dwtag  DW_TAG_formal_parameter, DW_AT_name("p")
     251                    .dwattr $C$DW$19, DW_AT_TI_symbol_name("p")
     252                    .dwattr $C$DW$19, DW_AT_type(*$C$DW$T$21)
     253                    .dwattr $C$DW$19, DW_AT_location[DW_OP_reg12]
     254            $C$DW$20        .dwtag  DW_TAG_formal_parameter, DW_AT_name("offset")
     255                    .dwattr $C$DW$20, DW_AT_TI_symbol_name("offset")
     256                    .dwattr $C$DW$20, DW_AT_type(*$C$DW$T$27)
     257                    .dwattr $C$DW$20, DW_AT_location[DW_OP_reg13]
     258            
     259            ;*****************************************************************************
     260            ;* FUNCTION NAME: STREAM_TO_UINT32_f                                         *
     261            ;*                                                                           *
     262            ;*   Regs Modified     : SP,SR,r11,r12,r13,r14,r15                           *
     263            ;*   Regs Used         : SP,SR,r11,r12,r13,r14,r15                           *
     264            ;*   Local Frame Size  : 0 Args + 0 Auto + 0 Save = 0 byte                   *
     265            ;*****************************************************************************
     266            
     267            ;******************************************************************************
     268            ;*                                                                            *
MSP430 Assembler PC v4.1.9 Sun Mar 23 16:08:26 2014

Tools Copyright (c) 2003-2014 Texas Instruments Incorporated
C:\Users\Lucas\AppData\Local\Temp\0761610                            PAGE    6

     269            ;* Using -g (debug) with optimization (-o4) may disable key optimizations!    *
     270            ;*                                                                            *
     271            ;******************************************************************************
     272 000000       STREAM_TO_UINT32_f:
     273            ;* --------------------------------------------------------------------------*
     274                    .dwcfi  cfa_offset, 4
     275                    .dwcfi  save_reg_to_mem, 16, -4
     276            ;* r11   assigned to $O$C1
     277            ;* r12   assigned to p
     278            $C$DW$21        .dwtag  DW_TAG_variable, DW_AT_name("p")
     279                    .dwattr $C$DW$21, DW_AT_TI_symbol_name("p")
     280                    .dwattr $C$DW$21, DW_AT_type(*$C$DW$T$41)
     281                    .dwattr $C$DW$21, DW_AT_location[DW_OP_reg12]
     282            ;* r13   assigned to offset
     283            $C$DW$22        .dwtag  DW_TAG_variable, DW_AT_name("offset")
     284                    .dwattr $C$DW$22, DW_AT_TI_symbol_name("offset")
     285                    .dwattr $C$DW$22, DW_AT_type(*$C$DW$T$33)
     286                    .dwattr $C$DW$22, DW_AT_location[DW_OP_reg13]
     287                    .dwpsn  file "E:/Dropbox/git/CHARM/Embedded_Voltmeter/Basic WiFi Source/Source/CC3000HostDrive
     288 000000 0DCB          MOVA      r13,r11               ; [] |150| 
     289 000002 5C0B          ADD.W     r12,r11               ; [] |150| 
     290 000004 4B5C          MOV.B     3(r11),r12            ; [] |150| 
         000006 0003 
     291 000008 430D          MOV.W     #0,r13                ; [] |150| 
     292            $C$DW$23        .dwtag  DW_TAG_TI_branch
     293                    .dwattr $C$DW$23, DW_AT_low_pc(0x00)
     294                    .dwattr $C$DW$23, DW_AT_name("L_LSL_8")
     295                    .dwattr $C$DW$23, DW_AT_TI_call
     296 00000a 13B0!         CALLA     #L_LSL_8              ; [] |150| 
         00000c 0000 
     297                                                      ; [] |150| 
     298 00000e 4B5F          MOV.B     2(r11),r15            ; [] |150| 
         000010 0002 
     299 000012 430E          MOV.W     #0,r14                ; [] |150| 
     300 000014 5F0C          ADD.W     r15,r12               ; [] |150| 
     301 000016 6E0D          ADDC.W    r14,r13               ; [] |150| 
     302            $C$DW$24        .dwtag  DW_TAG_TI_branch
     303                    .dwattr $C$DW$24, DW_AT_low_pc(0x00)
     304                    .dwattr $C$DW$24, DW_AT_name("L_LSL_8")
     305                    .dwattr $C$DW$24, DW_AT_TI_call
     306 000018 13B0!         CALLA     #L_LSL_8              ; [] |150| 
         00001a 0000 
     307                                                      ; [] |150| 
     308 00001c 4B5F          MOV.B     1(r11),r15            ; [] |150| 
         00001e 0001 
     309 000020 5F0C          ADD.W     r15,r12               ; [] |150| 
     310 000022 6E0D          ADDC.W    r14,r13               ; [] |150| 
     311            $C$DW$25        .dwtag  DW_TAG_TI_branch
     312                    .dwattr $C$DW$25, DW_AT_low_pc(0x00)
     313                    .dwattr $C$DW$25, DW_AT_name("L_LSL_8")
     314                    .dwattr $C$DW$25, DW_AT_TI_call
     315 000024 13B0!         CALLA     #L_LSL_8              ; [] |150| 
         000026 0000 
     316                                                      ; [] |150| 
     317 000028 4B6F          MOV.B     @r11,r15              ; [] |150| 
MSP430 Assembler PC v4.1.9 Sun Mar 23 16:08:26 2014

Tools Copyright (c) 2003-2014 Texas Instruments Incorporated
C:\Users\Lucas\AppData\Local\Temp\0761610                            PAGE    7

     318 00002a 5F0C          ADD.W     r15,r12               ; [] |150| 
     319 00002c 6E0D          ADDC.W    r14,r13               ; [] |150| 
     320                    .dwpsn  file "E:/Dropbox/git/CHARM/Embedded_Voltmeter/Basic WiFi Source/Source/CC3000HostDrive
     321            $C$DW$26        .dwtag  DW_TAG_TI_branch
     322                    .dwattr $C$DW$26, DW_AT_low_pc(0x00)
     323                    .dwattr $C$DW$26, DW_AT_TI_return
     324 00002e 0110          RETA      ; [] 
     325                    ; [] 
     326                    .dwattr $C$DW$18, DW_AT_TI_end_file("E:/Dropbox/git/CHARM/Embedded_Voltmeter/Basic WiFi Source
     327                    .dwattr $C$DW$18, DW_AT_TI_end_line(0x9a)
     328                    .dwattr $C$DW$18, DW_AT_TI_end_column(0x01)
     329                    .dwendentry
     330                    .dwendtag $C$DW$18
     331            
     332 000000               .sect   ".text:STREAM_TO_UINT16_f"
     333                    .align  2
     334                    .clink
     335                    .global STREAM_TO_UINT16_f
     336            
     337            $C$DW$27        .dwtag  DW_TAG_subprogram, DW_AT_name("STREAM_TO_UINT16_f")
     338                    .dwattr $C$DW$27, DW_AT_low_pc(STREAM_TO_UINT16_f)
     339                    .dwattr $C$DW$27, DW_AT_high_pc(0x00)
     340                    .dwattr $C$DW$27, DW_AT_TI_symbol_name("STREAM_TO_UINT16_f")
     341                    .dwattr $C$DW$27, DW_AT_external
     342                    .dwattr $C$DW$27, DW_AT_type(*$C$DW$T$27)
     343                    .dwattr $C$DW$27, DW_AT_TI_begin_file("E:/Dropbox/git/CHARM/Embedded_Voltmeter/Basic WiFi Sour
     344                    .dwattr $C$DW$27, DW_AT_TI_begin_line(0x80)
     345                    .dwattr $C$DW$27, DW_AT_TI_begin_column(0x08)
     346                    .dwattr $C$DW$27, DW_AT_TI_max_frame_size(0x04)
     347                    .dwpsn  file "E:/Dropbox/git/CHARM/Embedded_Voltmeter/Basic WiFi Source/Source/CC3000HostDrive
     348            
     349                    .dwfde $C$DW$CIE, STREAM_TO_UINT16_f
     350            $C$DW$28        .dwtag  DW_TAG_formal_parameter, DW_AT_name("p")
     351                    .dwattr $C$DW$28, DW_AT_TI_symbol_name("p")
     352                    .dwattr $C$DW$28, DW_AT_type(*$C$DW$T$21)
     353                    .dwattr $C$DW$28, DW_AT_location[DW_OP_reg12]
     354            $C$DW$29        .dwtag  DW_TAG_formal_parameter, DW_AT_name("offset")
     355                    .dwattr $C$DW$29, DW_AT_TI_symbol_name("offset")
     356                    .dwattr $C$DW$29, DW_AT_type(*$C$DW$T$27)
     357                    .dwattr $C$DW$29, DW_AT_location[DW_OP_reg13]
     358            
     359            ;*****************************************************************************
     360            ;* FUNCTION NAME: STREAM_TO_UINT16_f                                         *
     361            ;*                                                                           *
     362            ;*   Regs Modified     : SP,SR,r12,r15                                       *
     363            ;*   Regs Used         : SP,SR,r12,r13,r15                                   *
     364            ;*   Local Frame Size  : 0 Args + 0 Auto + 0 Save = 0 byte                   *
     365            ;*****************************************************************************
     366            
     367            ;******************************************************************************
     368            ;*                                                                            *
     369            ;* Using -g (debug) with optimization (-o4) may disable key optimizations!    *
     370            ;*                                                                            *
     371            ;******************************************************************************
     372 000000       STREAM_TO_UINT16_f:
MSP430 Assembler PC v4.1.9 Sun Mar 23 16:08:26 2014

Tools Copyright (c) 2003-2014 Texas Instruments Incorporated
C:\Users\Lucas\AppData\Local\Temp\0761610                            PAGE    8

     373            ;* --------------------------------------------------------------------------*
     374                    .dwcfi  cfa_offset, 4
     375                    .dwcfi  save_reg_to_mem, 16, -4
     376            ;* r12   assigned to $O$C1
     377            ;* r13   assigned to offset
     378            $C$DW$30        .dwtag  DW_TAG_variable, DW_AT_name("offset")
     379                    .dwattr $C$DW$30, DW_AT_TI_symbol_name("offset")
     380                    .dwattr $C$DW$30, DW_AT_type(*$C$DW$T$33)
     381                    .dwattr $C$DW$30, DW_AT_location[DW_OP_reg13]
     382                    .dwpsn  file "E:/Dropbox/git/CHARM/Embedded_Voltmeter/Basic WiFi Source/Source/CC3000HostDrive
     383 000000 5D0C          ADD.W     r13,r12               ; [] |130| 
     384 000002 4C5F          MOV.B     1(r12),r15            ; [] |130| 
         000004 0001 
     385 000006 1847          RPT #8 || RLAX.W r15 ; [] |130| 
         000008 5F0F 
     386 00000a 4C6C          MOV.B     @r12,r12              ; [] |130| 
     387 00000c 5F0C          ADD.W     r15,r12               ; [] |130| 
     388                    .dwpsn  file "E:/Dropbox/git/CHARM/Embedded_Voltmeter/Basic WiFi Source/Source/CC3000HostDrive
     389            $C$DW$31        .dwtag  DW_TAG_TI_branch
     390                    .dwattr $C$DW$31, DW_AT_low_pc(0x00)
     391                    .dwattr $C$DW$31, DW_AT_TI_return
     392 00000e 0110          RETA      ; [] 
     393                    ; [] 
     394                    .dwattr $C$DW$27, DW_AT_TI_end_file("E:/Dropbox/git/CHARM/Embedded_Voltmeter/Basic WiFi Source
     395                    .dwattr $C$DW$27, DW_AT_TI_end_line(0x84)
     396                    .dwattr $C$DW$27, DW_AT_TI_end_column(0x01)
     397                    .dwendentry
     398                    .dwendtag $C$DW$27
     399            
     400            ;*****************************************************************************
     401            ;* UNDEFINED EXTERNAL REFERENCES                                             *
     402            ;*****************************************************************************
     403                    .global L_LSR_8
     404                    .global L_LSL_8
     405            
     406            ;******************************************************************************
     407            ;* BUILD ATTRIBUTES                                                           *
     408            ;******************************************************************************
     409                    .battr "TI", Tag_File, 1, Tag_ABI_enum_size(3)
     410            
     411            ;******************************************************************************
     412            ;* TYPE INFORMATION                                                           *
     413            ;******************************************************************************
     414            $C$DW$T$4       .dwtag  DW_TAG_base_type
     415                    .dwattr $C$DW$T$4, DW_AT_encoding(DW_ATE_boolean)
     416                    .dwattr $C$DW$T$4, DW_AT_name("bool")
     417                    .dwattr $C$DW$T$4, DW_AT_byte_size(0x01)
     418            $C$DW$T$5       .dwtag  DW_TAG_base_type
     419                    .dwattr $C$DW$T$5, DW_AT_encoding(DW_ATE_signed_char)
     420                    .dwattr $C$DW$T$5, DW_AT_name("signed char")
     421                    .dwattr $C$DW$T$5, DW_AT_byte_size(0x01)
     422            $C$DW$T$6       .dwtag  DW_TAG_base_type
     423                    .dwattr $C$DW$T$6, DW_AT_encoding(DW_ATE_unsigned_char)
     424                    .dwattr $C$DW$T$6, DW_AT_name("unsigned char")
     425                    .dwattr $C$DW$T$6, DW_AT_byte_size(0x01)
MSP430 Assembler PC v4.1.9 Sun Mar 23 16:08:26 2014

Tools Copyright (c) 2003-2014 Texas Instruments Incorporated
C:\Users\Lucas\AppData\Local\Temp\0761610                            PAGE    9

     426            $C$DW$T$24      .dwtag  DW_TAG_typedef, DW_AT_name("UINT8")
     427                    .dwattr $C$DW$T$24, DW_AT_type(*$C$DW$T$6)
     428                    .dwattr $C$DW$T$24, DW_AT_language(DW_LANG_C)
     429            $C$DW$T$25      .dwtag  DW_TAG_pointer_type
     430                    .dwattr $C$DW$T$25, DW_AT_type(*$C$DW$T$24)
     431                    .dwattr $C$DW$T$25, DW_AT_address_class(0x10)
     432            $C$DW$T$7       .dwtag  DW_TAG_base_type
     433                    .dwattr $C$DW$T$7, DW_AT_encoding(DW_ATE_signed_char)
     434                    .dwattr $C$DW$T$7, DW_AT_name("wchar_t")
     435                    .dwattr $C$DW$T$7, DW_AT_byte_size(0x02)
     436            $C$DW$T$8       .dwtag  DW_TAG_base_type
     437                    .dwattr $C$DW$T$8, DW_AT_encoding(DW_ATE_signed)
     438                    .dwattr $C$DW$T$8, DW_AT_name("short")
     439                    .dwattr $C$DW$T$8, DW_AT_byte_size(0x02)
     440            $C$DW$T$9       .dwtag  DW_TAG_base_type
     441                    .dwattr $C$DW$T$9, DW_AT_encoding(DW_ATE_unsigned)
     442                    .dwattr $C$DW$T$9, DW_AT_name("unsigned short")
     443                    .dwattr $C$DW$T$9, DW_AT_byte_size(0x02)
     444            $C$DW$T$27      .dwtag  DW_TAG_typedef, DW_AT_name("UINT16")
     445                    .dwattr $C$DW$T$27, DW_AT_type(*$C$DW$T$9)
     446                    .dwattr $C$DW$T$27, DW_AT_language(DW_LANG_C)
     447            $C$DW$T$33      .dwtag  DW_TAG_const_type
     448                    .dwattr $C$DW$T$33, DW_AT_type(*$C$DW$T$27)
     449            $C$DW$T$10      .dwtag  DW_TAG_base_type
     450                    .dwattr $C$DW$T$10, DW_AT_encoding(DW_ATE_signed)
     451                    .dwattr $C$DW$T$10, DW_AT_name("int")
     452                    .dwattr $C$DW$T$10, DW_AT_byte_size(0x02)
     453            $C$DW$T$11      .dwtag  DW_TAG_base_type
     454                    .dwattr $C$DW$T$11, DW_AT_encoding(DW_ATE_unsigned)
     455                    .dwattr $C$DW$T$11, DW_AT_name("unsigned int")
     456                    .dwattr $C$DW$T$11, DW_AT_byte_size(0x02)
     457            $C$DW$T$12      .dwtag  DW_TAG_base_type
     458                    .dwattr $C$DW$T$12, DW_AT_encoding(DW_ATE_signed)
     459                    .dwattr $C$DW$T$12, DW_AT_name("long")
     460                    .dwattr $C$DW$T$12, DW_AT_byte_size(0x04)
     461            $C$DW$T$13      .dwtag  DW_TAG_base_type
     462                    .dwattr $C$DW$T$13, DW_AT_encoding(DW_ATE_unsigned)
     463                    .dwattr $C$DW$T$13, DW_AT_name("unsigned long")
     464                    .dwattr $C$DW$T$13, DW_AT_byte_size(0x04)
     465            $C$DW$T$22      .dwtag  DW_TAG_typedef, DW_AT_name("UINT32")
     466                    .dwattr $C$DW$T$22, DW_AT_type(*$C$DW$T$13)
     467                    .dwattr $C$DW$T$22, DW_AT_language(DW_LANG_C)
     468            $C$DW$T$37      .dwtag  DW_TAG_const_type
     469                    .dwattr $C$DW$T$37, DW_AT_type(*$C$DW$T$22)
     470            $C$DW$T$14      .dwtag  DW_TAG_base_type
     471                    .dwattr $C$DW$T$14, DW_AT_encoding(DW_ATE_signed)
     472                    .dwattr $C$DW$T$14, DW_AT_name("long long")
     473                    .dwattr $C$DW$T$14, DW_AT_byte_size(0x08)
     474            $C$DW$T$15      .dwtag  DW_TAG_base_type
     475                    .dwattr $C$DW$T$15, DW_AT_encoding(DW_ATE_unsigned)
     476                    .dwattr $C$DW$T$15, DW_AT_name("unsigned long long")
     477                    .dwattr $C$DW$T$15, DW_AT_byte_size(0x08)
     478            $C$DW$T$16      .dwtag  DW_TAG_base_type
     479                    .dwattr $C$DW$T$16, DW_AT_encoding(DW_ATE_float)
     480                    .dwattr $C$DW$T$16, DW_AT_name("float")
MSP430 Assembler PC v4.1.9 Sun Mar 23 16:08:26 2014

Tools Copyright (c) 2003-2014 Texas Instruments Incorporated
C:\Users\Lucas\AppData\Local\Temp\0761610                            PAGE   10

     481                    .dwattr $C$DW$T$16, DW_AT_byte_size(0x04)
     482            $C$DW$T$17      .dwtag  DW_TAG_base_type
     483                    .dwattr $C$DW$T$17, DW_AT_encoding(DW_ATE_float)
     484                    .dwattr $C$DW$T$17, DW_AT_name("double")
     485                    .dwattr $C$DW$T$17, DW_AT_byte_size(0x04)
     486            $C$DW$T$18      .dwtag  DW_TAG_base_type
     487                    .dwattr $C$DW$T$18, DW_AT_encoding(DW_ATE_float)
     488                    .dwattr $C$DW$T$18, DW_AT_name("long double")
     489                    .dwattr $C$DW$T$18, DW_AT_byte_size(0x04)
     490            $C$DW$T$19      .dwtag  DW_TAG_base_type
     491                    .dwattr $C$DW$T$19, DW_AT_encoding(DW_ATE_unsigned_char)
     492                    .dwattr $C$DW$T$19, DW_AT_name("unsigned char")
     493                    .dwattr $C$DW$T$19, DW_AT_byte_size(0x01)
     494            $C$DW$T$20      .dwtag  DW_TAG_typedef, DW_AT_name("CHAR")
     495                    .dwattr $C$DW$T$20, DW_AT_type(*$C$DW$T$19)
     496                    .dwattr $C$DW$T$20, DW_AT_language(DW_LANG_C)
     497            $C$DW$T$21      .dwtag  DW_TAG_pointer_type
     498                    .dwattr $C$DW$T$21, DW_AT_type(*$C$DW$T$20)
     499                    .dwattr $C$DW$T$21, DW_AT_address_class(0x10)
     500            $C$DW$T$41      .dwtag  DW_TAG_const_type
     501                    .dwattr $C$DW$T$41, DW_AT_type(*$C$DW$T$21)
     502                    .dwattr $C$DW$CU, DW_AT_language(DW_LANG_C)
     503            
     504            ;***************************************************************
     505            ;* DWARF CIE ENTRIES                                           *
     506            ;***************************************************************
     507            
     508            $C$DW$CIE       .dwcie 16
     509                    .dwcfi  cfa_register, 1
     510                    .dwcfi  cfa_offset, 0
     511                    .dwcfi  undefined, 0
     512                    .dwcfi  undefined, 1
     513                    .dwcfi  undefined, 2
     514                    .dwcfi  undefined, 3
     515                    .dwcfi  same_value, 4
     516                    .dwcfi  same_value, 5
     517                    .dwcfi  same_value, 6
     518                    .dwcfi  same_value, 7
     519                    .dwcfi  same_value, 8
     520                    .dwcfi  same_value, 9
     521                    .dwcfi  same_value, 10
     522                    .dwcfi  undefined, 11
     523                    .dwcfi  undefined, 12
     524                    .dwcfi  undefined, 13
     525                    .dwcfi  undefined, 14
     526                    .dwcfi  undefined, 15
     527                    .dwcfi  undefined, 16
     528                    .dwendentry
     529            
     530            ;***************************************************************
     531            ;* DWARF REGISTER MAP                                          *
     532            ;***************************************************************
     533            
     534            $C$DW$32        .dwtag  DW_TAG_TI_assign_register, DW_AT_name("PC")
     535                    .dwattr $C$DW$32, DW_AT_location[DW_OP_reg0]
MSP430 Assembler PC v4.1.9 Sun Mar 23 16:08:26 2014

Tools Copyright (c) 2003-2014 Texas Instruments Incorporated
C:\Users\Lucas\AppData\Local\Temp\0761610                            PAGE   11

     536            $C$DW$33        .dwtag  DW_TAG_TI_assign_register, DW_AT_name("SP")
     537                    .dwattr $C$DW$33, DW_AT_location[DW_OP_reg1]
     538            $C$DW$34        .dwtag  DW_TAG_TI_assign_register, DW_AT_name("SR")
     539                    .dwattr $C$DW$34, DW_AT_location[DW_OP_reg2]
     540            $C$DW$35        .dwtag  DW_TAG_TI_assign_register, DW_AT_name("CG")
     541                    .dwattr $C$DW$35, DW_AT_location[DW_OP_reg3]
     542            $C$DW$36        .dwtag  DW_TAG_TI_assign_register, DW_AT_name("r4")
     543                    .dwattr $C$DW$36, DW_AT_location[DW_OP_reg4]
     544            $C$DW$37        .dwtag  DW_TAG_TI_assign_register, DW_AT_name("r5")
     545                    .dwattr $C$DW$37, DW_AT_location[DW_OP_reg5]
     546            $C$DW$38        .dwtag  DW_TAG_TI_assign_register, DW_AT_name("r6")
     547                    .dwattr $C$DW$38, DW_AT_location[DW_OP_reg6]
     548            $C$DW$39        .dwtag  DW_TAG_TI_assign_register, DW_AT_name("r7")
     549                    .dwattr $C$DW$39, DW_AT_location[DW_OP_reg7]
     550            $C$DW$40        .dwtag  DW_TAG_TI_assign_register, DW_AT_name("r8")
     551                    .dwattr $C$DW$40, DW_AT_location[DW_OP_reg8]
     552            $C$DW$41        .dwtag  DW_TAG_TI_assign_register, DW_AT_name("r9")
     553                    .dwattr $C$DW$41, DW_AT_location[DW_OP_reg9]
     554            $C$DW$42        .dwtag  DW_TAG_TI_assign_register, DW_AT_name("r10")
     555                    .dwattr $C$DW$42, DW_AT_location[DW_OP_reg10]
     556            $C$DW$43        .dwtag  DW_TAG_TI_assign_register, DW_AT_name("r11")
     557                    .dwattr $C$DW$43, DW_AT_location[DW_OP_reg11]
     558            $C$DW$44        .dwtag  DW_TAG_TI_assign_register, DW_AT_name("r12")
     559                    .dwattr $C$DW$44, DW_AT_location[DW_OP_reg12]
     560            $C$DW$45        .dwtag  DW_TAG_TI_assign_register, DW_AT_name("r13")
     561                    .dwattr $C$DW$45, DW_AT_location[DW_OP_reg13]
     562            $C$DW$46        .dwtag  DW_TAG_TI_assign_register, DW_AT_name("r14")
     563                    .dwattr $C$DW$46, DW_AT_location[DW_OP_reg14]
     564            $C$DW$47        .dwtag  DW_TAG_TI_assign_register, DW_AT_name("r15")
     565                    .dwattr $C$DW$47, DW_AT_location[DW_OP_reg15]
     566            $C$DW$48        .dwtag  DW_TAG_TI_assign_register, DW_AT_name("CIE_RETA")
     567                    .dwattr $C$DW$48, DW_AT_location[DW_OP_reg16]
     568                    .dwendtag $C$DW$CU
     569            

No Assembly Errors, No Assembly Warnings
